2019-12-16 17:32:58
Interno #1: Ejecutar reservation
2019-12-16 17:36:30
Interno #1: Ejecutar logs
2019-12-16 17:36:37
Interno #1: Ejecutar slaticket
2019-12-16 17:36:37
Interno #1: Ejecutar planningrecall
2019-12-16 17:36:43
Interno #1: Ejecutar mailgate
2019-12-16 17:39:16
Interno #1: Ejecutar ticketrecurrent
2019-12-16 17:40:33
Interno #1: Ejecutar graph
2019-12-16 17:45:51
Interno #1: Ejecutar closeticket
2019-12-16 17:47:46
Interno #1: Ejecutar alertnotclosed
2019-12-16 17:52:58
Interno #1: Ejecutar infocom
2019-12-16 17:58:03
Interno #1: Ejecutar session
2019-12-16 18:03:08
Interno #1: Ejecutar watcher
2019-12-16 18:06:47
Interno #1: Ejecutar contract
2019-12-16 20:41:24
Interno #1: Ejecutar optimize
2019-12-16 20:42:03
Interno #1: Ejecutar createinquest
2019-12-17 14:21:08
Interno #1: Ejecutar slaticket
2019-12-17 14:22:41
Interno #1: Ejecutar planningrecall
2019-12-17 14:30:22
Interno #1: Ejecutar logs
2019-12-17 14:37:23
Interno #1: Ejecutar mailgate
2019-12-17 14:42:28
Interno #1: Ejecutar reservation
2019-12-17 14:48:12
Interno #1: Ejecutar ticketrecurrent
2019-12-17 14:54:36
Interno #1: Ejecutar graph
2019-12-17 14:55:27
Interno #1: Ejecutar closeticket
2019-12-17 15:18:55
Interno #1: Ejecutar alertnotclosed
2019-12-17 15:21:29
Interno #1: Ejecutar slaticket
2019-12-17 15:26:40
Interno #1: Ejecutar planningrecall
2019-12-17 15:29:02
Interno #1: Ejecutar logs
2019-12-17 15:33:37
Interno #1: Ejecutar mailgate
2019-12-17 15:35:10
Interno #1: Ejecutar slaticket
2019-12-17 15:38:59
Interno #1: Ejecutar planningrecall
2019-12-17 15:40:45
Interno #1: Ejecutar logs
2019-12-17 15:44:04
Interno #1: Ejecutar slaticket
2019-12-17 15:45:48
Interno #1: Ejecutar reservation
2019-12-17 15:49:11
Interno #1: Ejecutar mailgate
2019-12-17 15:50:52
Interno #1: Ejecutar planningrecall
2019-12-17 15:54:23
Interno #1: Ejecutar ticketrecurrent
2019-12-17 15:56:34
Interno #1: Ejecutar slaticket
2019-12-17 15:59:30
Interno #1: Ejecutar logs
2019-12-17 16:04:20
Interno #1: Ejecutar graph
2019-12-17 16:09:28
Interno #1: Ejecutar planningrecall
2019-12-17 16:19:03
Interno #1: Ejecutar mailgate
2019-12-17 16:39:52
Interno #1: Ejecutar slaticket
2019-12-17 16:41:16
Interno #1: Ejecutar logs
2019-12-17 16:41:52
Interno #1: Ejecutar planningrecall
2019-12-17 16:42:11
Interno #1: Ejecutar mailgate
2019-12-17 16:42:15
Interno #1: No hay nada para ejecutar
2019-12-17 16:42:44
Interno #1: No hay nada para ejecutar
2019-12-17 16:44:33
Interno #1: Ejecutar slaticket
2019-12-17 16:47:30
Interno #1: Ejecutar reservation
2019-12-17 16:52:43
Interno #1: Ejecutar planningrecall
2019-12-17 16:57:45
Interno #1: Ejecutar slaticket
2019-12-17 17:00:06
Interno #1: Ejecutar logs
2019-12-17 17:01:12
Interno #1: Ejecutar mailgate
2019-12-17 17:01:14
Interno #1: Ejecutar ticketrecurrent
2019-12-17 17:01:16
Interno #1: Ejecutar planningrecall
2019-12-17 17:01:16
Interno #1: No hay nada para ejecutar
2019-12-17 17:01:16
Interno #1: No hay nada para ejecutar
2019-12-17 17:01:16
Interno #1: No hay nada para ejecutar
2019-12-17 17:01:16
Interno #1: No hay nada para ejecutar
2019-12-17 17:01:50
Interno #1: No hay nada para ejecutar
2019-12-17 17:01:51
Interno #1: No hay nada para ejecutar
2019-12-17 17:02:11
Interno #1: Ejecutar slaticket
2019-12-17 17:02:57
Interno #1: No hay nada para ejecutar
2019-12-17 17:04:17
Interno #1: Ejecutar graph
2019-12-17 17:04:30
Interno #1: No hay nada para ejecutar
2019-12-17 17:04:51
Interno #1: No hay nada para ejecutar
2019-12-17 17:04:57
Interno #1: No hay nada para ejecutar
2019-12-17 17:05:33
Interno #1: Nada que lanzar
2019-12-17 17:06:30
Interno #1: Ejecutar planningrecall
2019-12-17 17:06:57
Interno #1: No hay nada para ejecutar
2019-12-17 17:12:17
Interno #1: Lanzar slaticket
2019-12-17 17:17:19
Interno #1: Lanzar logs
2019-12-17 17:22:41
Interno #1: Lanzar mailgate
2019-12-17 17:33:09
Interno #1: Lanzar planningrecall
2019-12-17 17:33:11
Interno #1: Ejecutar slaticket
2019-12-17 17:33:22
Interno #1: Ejecutar logs
2019-12-17 17:35:00
Interno #1: Ejecutar mailgate
2019-12-17 17:38:35
Interno #1: Ejecutar slaticket
2019-12-17 17:43:45
Interno #1: Lanzar planningrecall
2019-12-17 17:53:07
Interno #1: Ejecutar logs
2019-12-17 17:53:10
Interno #1: Ejecutar slaticket
2019-12-17 17:54:08
Interno #1: Lanzar mailgate
2019-12-17 17:58:29
Interno #1: Lanzar reservation
2019-12-17 17:59:13
Interno #1: Lanzar planningrecall
2019-12-17 18:04:18
Interno #1: Lanzar infocom
2019-12-17 18:09:23
Interno #1: Lanzar session
2019-12-17 18:15:21
Interno #1: Lanzar slaticket
2019-12-17 18:20:57
Interno #1: Lanzar ticketrecurrent
2019-12-17 18:25:38
Interno #1: Lanzar logs
2019-12-17 18:30:43
Interno #1: Lanzar watcher
2019-12-17 18:31:21
Interno #1: Lanzar mailgate
2019-12-17 18:35:49
Interno #1: Lanzar graph
2019-12-17 18:36:47
Interno #1: Lanzar planningrecall
2019-12-17 18:37:24
Interno #1: Lanzar contract
2019-12-17 18:37:35
Interno #1: Lanzar slaticket
2019-12-17 18:37:42
Interno #1: Ejecutar logs
2019-12-17 18:42:36
Interno #1: Ejecutar mailgate
2019-12-17 18:42:56
Interno #1: Ejecutar planningrecall
2019-12-17 18:43:47
Interno #1: Ejecutar slaticket
2019-12-17 18:44:03
Interno #1: No hay nada para ejecutar
2019-12-17 18:44:12
Interno #1: No hay nada para ejecutar
2019-12-17 18:44:23
Interno #1: No hay nada para ejecutar
2019-12-17 18:44:24
Interno #1: No hay nada para ejecutar
2019-12-17 18:44:26
Interno #1: No hay nada para ejecutar
2019-12-17 18:44:26
Interno #1: No hay nada para ejecutar
2019-12-17 18:44:26
Interno #1: No hay nada para ejecutar
2019-12-17 18:44:27
Interno #1: No hay nada para ejecutar
2019-12-17 18:44:27
Interno #1: No hay nada para ejecutar
2019-12-17 18:44:27
Interno #1: No hay nada para ejecutar
2019-12-17 18:44:27
Interno #1: No hay nada para ejecutar
2019-12-17 18:44:30
Interno #1: No hay nada para ejecutar
2019-12-17 18:44:52
Interno #1: No hay nada para ejecutar
2019-12-17 18:46:01
Interno #1: No hay nada para ejecutar
2019-12-17 18:46:09
Interno #1: No hay nada para ejecutar
2019-12-17 18:48:34
Interno #1: Ejecutar logs
2019-12-17 18:51:19
Interno #1: Lanzar planningrecall
2019-12-17 18:53:38
Interno #1: Lanzar slaticket
2019-12-17 18:56:24
Interno #1: Lanzar mailgate
2019-12-17 19:01:25
Interno #1: Lanzar planningrecall
2019-12-17 19:04:17
Interno #1: Ejecutar logs
2019-12-17 19:06:31
Interno #1: Lanzar reservation
2019-12-17 19:13:39
Interno #1: Lanzar slaticket
2019-12-17 19:19:00
Interno #1: Lanzar mailgate
2019-12-17 19:43:16
Interno #1: Lanzar planningrecall
2019-12-17 19:44:17
Interno #1: Lanzar logs
2019-12-17 19:45:59
Interno #1: Lanzar slaticket
2019-12-17 19:51:16
Interno #1: Lanzar ticketrecurrent
2019-12-17 19:56:22
Interno #1: Lanzar mailgate
2019-12-17 20:01:27
Interno #1: Lanzar graph
2019-12-17 20:06:32
Interno #1: Lanzar planningrecall
2019-12-17 20:11:37
Interno #1: Lanzar slaticket
2019-12-17 20:16:43
Interno #1: Lanzar logs
2019-12-17 20:21:48
Interno #1: Lanzar mailgate
2019-12-17 20:26:53
Interno #1: Lanzar reservation
2019-12-17 20:31:58
Interno #1: Lanzar planningrecall
2019-12-17 20:37:03
Interno #1: Lanzar slaticket
2019-12-17 20:42:09
Interno #1: Lanzar logs
2019-12-17 20:47:14
Interno #1: Lanzar mailgate
2019-12-17 20:52:19
Interno #1: Lanzar planningrecall
2019-12-17 20:57:25
Interno #1: Lanzar slaticket
2019-12-17 21:02:30
Interno #1: Lanzar ticketrecurrent
2019-12-17 21:07:35
Interno #1: Lanzar logs
2019-12-17 21:12:40
Interno #1: Lanzar mailgate
2019-12-17 21:15:41
Interno #1: Ejecutar planningrecall
2019-12-17 21:17:46
Interno #1: Lanzar graph
2019-12-17 21:20:47
Interno #1: Lanzar slaticket
2019-12-17 21:22:51
Interno #1: Lanzar logs
2019-12-17 21:25:50
Interno #1: Lanzar planningrecall
2019-12-17 21:27:56
Interno #1: Lanzar mailgate
2019-12-17 21:30:52
Interno #1: Lanzar slaticket
2019-12-17 21:33:02
Interno #1: Lanzar reservation
2019-12-17 21:35:54
Interno #1: Lanzar planningrecall
2019-12-17 21:38:07
Interno #1: Lanzar logs
2019-12-17 21:40:56
Interno #1: Lanzar slaticket
2019-12-17 21:43:12
Interno #1: Lanzar mailgate
2019-12-17 21:45:58
Interno #1: Lanzar planningrecall
2019-12-17 21:48:17
Interno #1: Lanzar slaticket
2019-12-17 21:49:58
Interno #1: Lanzar logs
2019-12-17 21:53:22
Interno #1: Lanzar planningrecall
2019-12-17 21:58:28
Interno #1: Lanzar mailgate
2019-12-17 22:03:33
Interno #1: Lanzar slaticket
2019-12-17 22:08:38
Interno #1: Lanzar planningrecall
2019-12-17 22:13:43
Interno #1: Lanzar logs
2019-12-17 22:17:47
Interno #1: Lanzar ticketrecurrent
2019-12-17 22:18:49
Interno #1: Lanzar mailgate
2019-12-17 22:19:46
Interno #1: Lanzar slaticket
2019-12-17 22:19:48
Interno #1: Lanzar planningrecall
2019-12-17 22:19:52
Interno #1: Lanzar graph
2019-12-17 22:23:54
Interno #1: Lanzar logs
2019-12-17 22:24:58
Interno #1: Lanzar slaticket
2019-12-17 22:28:59
Interno #1: Lanzar planningrecall
2019-12-17 22:34:04
Interno #1: Lanzar mailgate
2019-12-17 22:39:09
Interno #1: Lanzar slaticket
2019-12-17 22:44:15
Interno #1: Lanzar logs
2019-12-17 22:49:20
Interno #1: Lanzar reservation
2019-12-17 22:54:25
Interno #1: Lanzar planningrecall
2019-12-17 22:59:30
Interno #1: Lanzar mailgate
2019-12-17 23:04:35
Interno #1: Lanzar slaticket
2019-12-17 23:09:40
Interno #1: Lanzar logs
2019-12-17 23:14:45
Interno #1: Lanzar planningrecall
2019-12-17 23:19:51
Interno #1: Lanzar mailgate
2019-12-17 23:24:56
Interno #1: Lanzar slaticket
2019-12-17 23:30:01
Interno #1: Lanzar ticketrecurrent
2019-12-17 23:35:06
Interno #1: Lanzar logs
2019-12-17 23:40:12
Interno #1: Lanzar graph
2019-12-17 23:45:17
Interno #1: Lanzar planningrecall
2019-12-17 23:50:22
Interno #1: Lanzar mailgate
2019-12-17 23:55:27
Interno #1: Lanzar slaticket
2019-12-18 00:00:33
Interno #1: Lanzar logs
2019-12-18 00:05:38
Interno #1: Lanzar reservation
2019-12-18 00:10:43
Interno #1: Lanzar planningrecall
2019-12-18 00:15:48
Interno #1: Lanzar mailgate
2019-12-18 00:20:54
Interno #1: Lanzar slaticket
2019-12-18 00:25:59
Interno #1: Lanzar logs
2019-12-18 00:31:04
Interno #1: Lanzar planningrecall
2019-12-18 00:36:10
Interno #1: Lanzar mailgate
2019-12-18 00:41:15
Interno #1: Lanzar slaticket
2019-12-18 00:46:20
Interno #1: Lanzar ticketrecurrent
2019-12-18 00:51:25
Interno #1: Lanzar logs
2019-12-18 00:56:31
Interno #1: Lanzar planningrecall
2019-12-18 01:01:36
Interno #1: Lanzar graph
2019-12-18 01:06:41
Interno #1: Lanzar mailgate
2019-12-18 01:11:46
Interno #1: Lanzar slaticket
2019-12-18 01:16:51
Interno #1: Lanzar logs
2019-12-18 01:21:57
Interno #1: Lanzar planningrecall
2019-12-18 01:27:02
Interno #1: Lanzar reservation
2019-12-18 01:32:07
Interno #1: Lanzar mailgate
2019-12-18 01:37:12
Interno #1: Lanzar slaticket
2019-12-18 01:42:17
Interno #1: Lanzar logs
2019-12-18 01:47:22
Interno #1: Lanzar planningrecall
2019-12-18 01:52:28
Interno #1: Lanzar mailgate
2019-12-18 01:57:33
Interno #1: Lanzar slaticket
2019-12-18 02:02:38
Interno #1: Lanzar ticketrecurrent
2019-12-18 02:07:43
Interno #1: Lanzar logs
2019-12-18 02:12:49
Interno #1: Lanzar planningrecall
2019-12-18 02:17:54
Interno #1: Lanzar graph
2019-12-18 02:22:59
Interno #1: Lanzar mailgate
2019-12-18 02:28:05
Interno #1: Lanzar slaticket
2019-12-18 02:33:10
Interno #1: Lanzar logs
2019-12-18 02:38:15
Interno #1: Lanzar planningrecall
2019-12-18 02:43:20
Interno #1: Lanzar reservation
2019-12-18 02:48:26
Interno #1: Lanzar mailgate
2019-12-18 02:53:31
Interno #1: Lanzar slaticket
2019-12-18 02:58:36
Interno #1: Lanzar logs
2019-12-18 03:03:41
Interno #1: Lanzar planningrecall
2019-12-18 03:08:47
Interno #1: Lanzar closeticket
2019-12-18 03:13:52
Interno #1: Lanzar mailgate
2019-12-18 03:18:57
Interno #1: Lanzar slaticket
2019-12-18 03:24:02
Interno #1: Lanzar ticketrecurrent
2019-12-18 03:29:08
Interno #1: Lanzar logs
2019-12-18 03:34:13
Interno #1: Lanzar planningrecall
2019-12-18 03:39:18
Interno #1: Lanzar graph
2019-12-18 03:44:23
Interno #1: Lanzar alertnotclosed
2019-12-18 03:49:28
Interno #1: Lanzar mailgate
2019-12-18 03:54:34
Interno #1: Lanzar slaticket
2019-12-18 03:59:39
Interno #1: Lanzar logs
2019-12-18 04:04:44
Interno #1: Lanzar planningrecall
2019-12-18 04:09:49
Interno #1: Lanzar reservation
2019-12-18 04:14:54
Interno #1: Lanzar mailgate
2019-12-18 04:20:00
Interno #1: Lanzar slaticket
2019-12-18 04:25:05
Interno #1: Lanzar logs
2019-12-18 04:30:10
Interno #1: Lanzar planningrecall
2019-12-18 04:35:15
Interno #1: Lanzar mailgate
2019-12-18 04:40:20
Interno #1: Lanzar ticketrecurrent
2019-12-18 04:45:25
Interno #1: Lanzar slaticket
2019-12-18 04:50:31
Interno #1: Lanzar logs
2019-12-18 04:55:36
Interno #1: Lanzar planningrecall
2019-12-18 05:00:41
Interno #1: Lanzar graph
2019-12-18 05:05:46
Interno #1: Lanzar mailgate
2019-12-18 05:10:51
Interno #1: Lanzar slaticket
2019-12-18 05:15:57
Interno #1: Lanzar logs
2019-12-18 05:21:02
Interno #1: Lanzar planningrecall
2019-12-18 05:26:07
Interno #1: Lanzar reservation
2019-12-18 05:31:12
Interno #1: Lanzar mailgate
2019-12-18 05:36:17
Interno #1: Lanzar slaticket
2019-12-18 05:41:23
Interno #1: Lanzar logs
2019-12-18 05:46:28
Interno #1: Lanzar planningrecall
2019-12-18 05:51:33
Interno #1: Lanzar ticketrecurrent
2019-12-18 05:56:38
Interno #1: Lanzar mailgate
2019-12-18 06:01:43
Interno #1: Lanzar slaticket
2019-12-18 06:06:49
Interno #1: Lanzar logs
2019-12-18 06:11:54
Interno #1: Lanzar planningrecall
2019-12-18 06:17:01
Interno #1: Lanzar graph
2019-12-18 06:22:08
Interno #1: Lanzar mailgate
2019-12-18 06:27:16
Interno #1: Lanzar slaticket
2019-12-18 06:32:24
Interno #1: Lanzar logs
2019-12-18 06:37:32
Interno #1: Lanzar planningrecall
2019-12-18 06:42:38
Interno #1: Lanzar reservation
2019-12-18 06:47:44
Interno #1: Lanzar mailgate
2019-12-18 06:52:49
Interno #1: Lanzar slaticket
2019-12-18 06:57:58
Interno #1: Lanzar logs
2019-12-18 07:03:06
Interno #1: Lanzar planningrecall
2019-12-18 07:08:12
Interno #1: Lanzar ticketrecurrent
2019-12-18 07:13:19
Interno #1: Lanzar mailgate
2019-12-18 07:18:25
Interno #1: Lanzar slaticket
2019-12-18 07:23:31
Interno #1: Lanzar logs
2019-12-18 07:28:40
Interno #1: Lanzar planningrecall
2019-12-18 07:33:47
Interno #1: Lanzar graph
2019-12-18 07:38:54
Interno #1: Lanzar mailgate
2019-12-18 07:44:00
Interno #1: Lanzar slaticket
2019-12-18 07:49:06
Interno #1: Lanzar logs
2019-12-18 07:54:11
Interno #1: Lanzar planningrecall
2019-12-18 07:59:17
Interno #1: Lanzar reservation
2019-12-18 08:04:25
Interno #1: Lanzar mailgate
2019-12-18 08:09:31
Interno #1: Lanzar slaticket
2019-12-18 08:14:37
Interno #1: Lanzar logs
2019-12-18 08:19:43
Interno #1: Lanzar planningrecall
2019-12-18 08:24:51
Interno #1: Lanzar ticketrecurrent
2019-12-18 08:29:57
Interno #1: Lanzar mailgate
2019-12-18 08:35:05
Interno #1: Lanzar slaticket
2019-12-18 08:40:13
Interno #1: Lanzar logs
2019-12-18 08:45:20
Interno #1: Lanzar planningrecall
2019-12-18 08:50:25
Interno #1: Lanzar graph
2019-12-18 08:55:32
Interno #1: Lanzar mailgate
2019-12-18 09:00:39
Interno #1: Lanzar slaticket
2019-12-18 09:05:46
Interno #1: Lanzar logs
2019-12-18 09:10:51
Interno #1: Lanzar planningrecall
2019-12-18 09:15:56
Interno #1: Lanzar reservation
2019-12-18 09:21:02
Interno #1: Lanzar mailgate
2019-12-18 09:26:07
Interno #1: Lanzar slaticket
2019-12-18 09:31:12
Interno #1: Lanzar logs
2019-12-18 09:36:18
Interno #1: Lanzar planningrecall
2019-12-18 09:41:23
Interno #1: Lanzar ticketrecurrent
2019-12-18 09:46:28
Interno #1: Lanzar mailgate
2019-12-18 09:51:33
Interno #1: Lanzar slaticket
2019-12-18 09:56:39
Interno #1: Lanzar logs
2019-12-18 10:01:44
Interno #1: Lanzar planningrecall
2019-12-18 10:06:49
Interno #1: Lanzar graph
2019-12-18 10:11:54
Interno #1: Lanzar mailgate
2019-12-18 10:17:00
Interno #1: Lanzar slaticket
2019-12-18 10:22:05
Interno #1: Lanzar logs
2019-12-18 10:27:10
Interno #1: Lanzar planningrecall
2019-12-18 10:32:16
Interno #1: Lanzar reservation
2019-12-18 10:37:21
Interno #1: Lanzar mailgate
2019-12-18 10:42:26
Interno #1: Lanzar slaticket
2019-12-18 10:47:31
Interno #1: Lanzar logs
2019-12-18 10:52:37
Interno #1: Lanzar planningrecall
2019-12-18 10:57:42
Interno #1: Lanzar ticketrecurrent
2019-12-18 11:02:47
Interno #1: Lanzar mailgate
2019-12-18 11:07:52
Interno #1: Lanzar slaticket
2019-12-18 11:12:57
Interno #1: Lanzar logs
2019-12-18 11:18:02
Interno #1: Lanzar planningrecall
2019-12-18 11:23:08
Interno #1: Lanzar graph
2019-12-18 11:28:13
Interno #1: Lanzar mailgate
2019-12-18 11:33:18
Interno #1: Lanzar slaticket
2019-12-18 11:38:23
Interno #1: Lanzar logs
2019-12-18 15:17:55
Interno #1: Ejecutar planningrecall
2019-12-18 15:23:02
Interno #1: Lanzar reservation
2019-12-18 15:23:10
Interno #1: Lanzar mailgate
2019-12-18 16:09:55
Interno #1: Lanzar slaticket
2019-12-18 16:26:38
Interno #1: Lanzar logs
2019-12-18 16:27:33
Interno #1: Ejecutar ticketrecurrent
2019-12-18 16:47:18
Interno #1: Ejecutar graph
2019-12-18 17:14:02
Interno #1: Ejecutar closeticket
2019-12-18 17:19:22
Interno #1: Lanzar planningrecall
2019-12-18 17:24:25
Interno #1: Lanzar mailgate
2019-12-18 17:29:27
Interno #1: Lanzar alertnotclosed
2019-12-18 17:34:29
Interno #1: Lanzar slaticket
2019-12-18 17:39:31
Interno #1: Lanzar reservation
2019-12-18 17:44:33
Interno #1: Lanzar logs
2019-12-18 17:49:35
Interno #1: Lanzar planningrecall
2019-12-18 17:53:54
Interno #1: Lanzar ticketrecurrent
2019-12-18 18:11:27
Interno #1: Ejecutar mailgate
2019-12-18 18:16:45
Interno #1: Lanzar slaticket
2019-12-18 18:21:47
Interno #1: Lanzar graph
2019-12-18 18:26:50
Interno #1: Lanzar logs
2019-12-18 18:31:53
Interno #1: Lanzar planningrecall
2019-12-18 18:36:55
Interno #1: Lanzar infocom
2019-12-18 18:41:58
Interno #1: Lanzar session
2019-12-18 18:47:00
Interno #1: Lanzar mailgate
2019-12-18 18:52:02
Interno #1: Lanzar slaticket
2019-12-18 18:57:05
Interno #1: Lanzar watcher
2019-12-18 19:02:07
Interno #1: Lanzar logs
2019-12-18 19:07:09
Interno #1: Lanzar planningrecall
2019-12-18 19:12:11
Interno #1: Lanzar contract
2019-12-18 19:17:13
Interno #1: Lanzar reservation
2019-12-18 19:22:15
Interno #1: Lanzar ticketrecurrent
2019-12-18 19:27:18
Interno #1: Lanzar mailgate
2019-12-18 19:32:20
Interno #1: Lanzar slaticket
2019-12-18 19:37:22
Interno #1: Lanzar logs
2019-12-18 19:38:38
Interno #1: Lanzar planningrecall
2019-12-18 19:43:44
Interno #1: Lanzar graph
2019-12-18 20:13:42
Interno #1: Lanzar mailgate
2019-12-18 20:18:59
Interno #1: Lanzar slaticket
2019-12-18 20:24:07
Interno #1: Lanzar planningrecall
2019-12-18 20:30:15
Interno #1: Lanzar logs
2019-12-23 15:38:41
Interno #1: Ejecutar reservation
2019-12-23 15:44:07
Interno #1: Lanzar ticketrecurrent
2019-12-23 15:49:22
Interno #1: Lanzar mailgate
2019-12-23 15:54:30
Interno #1: Lanzar slaticket
2019-12-23 15:59:44
Interno #1: Lanzar planningrecall
2019-12-23 16:04:58
Interno #1: Lanzar logs
2019-12-23 16:10:09
Interno #1: Lanzar graph
2019-12-23 16:15:30
Interno #1: Lanzar closeticket
2019-12-23 16:20:44
Interno #1: Lanzar alertnotclosed
2019-12-23 16:25:54
Interno #1: Lanzar infocom
2019-12-23 16:31:07
Interno #1: Lanzar session
2019-12-23 16:36:17
Interno #1: Lanzar watcher
2019-12-23 16:41:24
Interno #1: Lanzar contract
2019-12-23 16:46:39
Interno #1: Lanzar createinquest
2019-12-23 16:51:47
Interno #1: Lanzar mailgate
2019-12-23 16:57:00
Interno #1: Lanzar slaticket
2019-12-23 17:02:13
Interno #1: Lanzar planningrecall
2019-12-23 17:07:30
Interno #1: Lanzar logs
2019-12-23 17:12:40
Interno #1: Lanzar reservation
2019-12-23 17:17:47
Interno #1: Lanzar ticketrecurrent
2019-12-23 17:23:00
Interno #1: Lanzar mailgate
2019-12-23 17:28:10
Interno #1: Lanzar slaticket
2019-12-23 17:33:27
Interno #1: Lanzar planningrecall
2019-12-23 17:38:39
Interno #1: Lanzar graph
2019-12-23 17:43:48
Interno #1: Lanzar logs
2019-12-23 17:48:55
Interno #1: Lanzar mailgate
2019-12-23 17:54:02
Interno #1: Lanzar slaticket
2019-12-23 17:59:15
Interno #1: Lanzar planningrecall
2019-12-23 18:04:25
Interno #1: Lanzar logs
2019-12-23 18:09:35
Interno #1: Lanzar mailgate
2019-12-23 18:14:42
Interno #1: Lanzar slaticket
2019-12-23 18:19:55
Interno #1: Lanzar planningrecall
2019-12-23 18:25:10
Interno #1: Lanzar reservation
2019-12-23 18:30:17
Interno #1: Lanzar logs
2019-12-23 18:35:25
Interno #1: Lanzar ticketrecurrent
2019-12-23 18:40:38
Interno #1: Lanzar mailgate
2019-12-23 18:45:49
Interno #1: Lanzar slaticket
2019-12-23 18:51:04
Interno #1: Lanzar planningrecall
2019-12-23 18:56:23
Interno #1: Lanzar graph
2019-12-23 19:01:35
Interno #1: Lanzar logs
2019-12-23 19:06:49
Interno #1: Lanzar mailgate
2019-12-23 19:12:10
Interno #1: Lanzar slaticket
2019-12-23 19:17:24
Interno #1: Lanzar planningrecall
2019-12-23 19:22:40
Interno #1: Lanzar logs
2019-12-23 19:27:50
Interno #1: Lanzar mailgate
2019-12-23 19:33:01
Interno #1: Lanzar slaticket
2019-12-23 19:38:12
Interno #1: Lanzar planningrecall
2019-12-23 19:43:24
Interno #1: Lanzar reservation
2019-12-23 19:48:29
Interno #1: Lanzar logs
2019-12-23 19:53:38
Interno #1: Lanzar ticketrecurrent
2019-12-23 19:59:06
Interno #1: Lanzar mailgate
2019-12-23 20:04:19
Interno #1: Lanzar slaticket
2019-12-23 20:09:30
Interno #1: Lanzar planningrecall
2019-12-23 20:14:59
Interno #1: Lanzar graph
2019-12-23 20:20:07
Interno #1: Lanzar logs
2019-12-23 20:25:28
Interno #1: Lanzar mailgate
2019-12-23 20:30:40
Interno #1: Lanzar slaticket
2019-12-23 20:35:47
Interno #1: Lanzar planningrecall
2019-12-23 20:41:03
Interno #1: Lanzar logs
2019-12-23 20:46:12
Interno #1: Lanzar mailgate
2019-12-24 15:04:15
Interno #1: Lanzar slaticket
2019-12-24 15:09:39
Interno #1: Lanzar planningrecall
2019-12-24 18:27:25
Interno #1: Lanzar optimize
2019-12-24 18:57:15
Interno #1: Lanzar reservation
2019-12-24 18:58:03
Interno #1: Lanzar logs
2019-12-26 16:25:10
Interno #1: Lanzar ticketrecurrent
2020-01-07 10:18:55
Interno #1: Ejecutar mailgate
2020-01-07 10:21:58
Interno #1: Ejecutar graph
2020-01-07 10:27:40
Interno #1: Ejecutar closeticket
2020-01-13 08:52:29
Interno #1: Ejecutar alertnotclosed
2020-01-13 12:29:03
Interno #1: Lanzar slaticket
2020-01-13 12:34:05
Interno #1: Lanzar planningrecall
2020-01-13 12:39:07
Interno #1: Lanzar infocom
2020-01-13 12:44:09
Interno #1: Lanzar session
2020-01-13 12:49:11
Interno #1: Lanzar watcher
2020-01-13 12:54:14
Interno #1: Lanzar contract
2020-01-13 12:59:16
Interno #1: Lanzar logs
2020-01-13 13:04:18
Interno #1: Lanzar reservation
2020-01-13 13:09:20
Interno #1: Lanzar ticketrecurrent
2020-01-13 13:14:23
Interno #1: Lanzar createinquest
2020-01-13 13:19:25
Interno #1: Lanzar optimize
2020-01-13 13:24:37
Interno #1: Lanzar mailgate
2020-01-13 13:29:39
Interno #1: Lanzar graph
2020-01-13 13:34:41
Interno #1: Lanzar closeticket
2020-01-13 13:39:44
Interno #1: Lanzar slaticket
2020-01-13 13:44:46
Interno #1: Lanzar planningrecall
2020-01-14 09:50:49
Interno #1: Lanzar logs
2020-01-14 09:55:51
Interno #1: Lanzar mailgate
2020-01-14 09:58:48
Interno #1: Ejecutar slaticket
2020-01-14 09:58:55
Interno #1: Ejecutar planningrecall
2020-01-14 10:04:18
Interno #1: Ejecutar reservation
2020-01-14 10:09:25
Interno #1: Lanzar ticketrecurrent
2020-01-14 10:14:27
Interno #1: Lanzar graph
2020-01-14 10:19:29
Interno #1: Lanzar alertnotclosed
2020-01-14 10:24:31
Interno #1: Lanzar closeticket
2020-01-14 10:29:34
Interno #1: Lanzar logs
2020-01-14 10:34:36
Interno #1: Lanzar slaticket
2020-01-14 10:39:38
Interno #1: Lanzar planningrecall
2020-01-14 11:34:57
Interno #1: Lanzar mailgate
2020-01-14 11:40:24
Interno #1: Lanzar logs
2020-01-14 11:45:42
Interno #1: Lanzar slaticket
2020-01-14 11:46:06
Interno #1: Lanzar planningrecall
2020-01-14 11:50:45
Interno #1: Lanzar reservation
2020-01-14 12:06:54
Interno #1: Lanzar ticketrecurrent
2020-01-14 14:48:15
Interno #1: Lanzar graph
2020-01-20 09:23:30
Interno #1: Lanzar mailgate
2020-01-20 09:23:36
Interno #1: Ejecutar logs
2020-01-20 09:23:45
Interno #1: Ejecutar slaticket
2020-01-20 09:23:55
Interno #1: Ejecutar planningrecall
2020-01-20 09:24:04
Interno #1: Ejecutar infocom
2020-01-20 09:24:13
Interno #1: Ejecutar session
2020-01-20 09:24:25
Interno #1: Ejecutar watcher
2020-01-20 09:35:14
Interno #1: Lanzar reservation
2020-01-20 09:40:44
Interno #1: Lanzar contract
2020-01-20 10:32:24
Interno #1: Lanzar ticketrecurrent
2020-01-20 10:38:29
Interno #1: Lanzar graph
2020-01-20 10:50:26
Interno #1: Lanzar alertnotclosed
2020-01-20 10:50:35
Interno #1: Lanzar closeticket
2020-01-20 14:01:30
Interno #1: Lanzar createinquest
2020-01-20 14:01:38
Interno #1: Ejecutar slaticket
2020-01-20 14:01:43
Interno #1: Ejecutar planningrecall
2020-01-20 14:09:28
Interno #1: Lanzar logs
2020-01-20 14:15:31
Interno #1: Lanzar mailgate
2020-01-20 14:25:28
Interno #1: Lanzar reservation
2020-01-21 10:00:44
Interno #1: Lanzar ticketrecurrent
2020-01-21 10:05:50
Interno #1: Lanzar graph
2020-01-21 10:11:07
Interno #1: Lanzar optimize
2020-01-21 10:16:34
Interno #1: Lanzar slaticket
2020-01-21 10:17:55
Interno #1: Ejecutar planningrecall
2020-01-21 10:23:53
Interno #1: Lanzar logs
2020-01-21 11:01:09
Interno #1: Lanzar mailgate
2020-01-21 11:06:21
Interno #1: Lanzar reservation
2020-01-21 11:33:31
Interno #1: Lanzar closeticket
2020-01-21 11:57:32
Interno #1: Lanzar alertnotclosed
2020-01-21 12:04:52
Interno #1: Lanzar infocom
2020-01-21 12:18:09
Interno #1: Lanzar session
2020-01-21 12:23:13
Interno #1: Lanzar watcher
2020-01-21 12:33:20
Interno #1: Lanzar contract
2020-01-21 12:44:11
Interno #1: Lanzar slaticket
2020-01-21 12:50:14
Interno #1: Lanzar planningrecall
2020-01-21 13:26:09
Interno #1: Lanzar logs
2020-01-21 14:33:22
Interno #1: Lanzar ticketrecurrent
2020-01-21 14:39:27
Interno #1: Lanzar graph
2020-01-21 14:47:33
Interno #1: Lanzar mailgate
2020-01-21 14:52:35
Interno #1: Lanzar reservation
2020-01-21 14:52:58
Interno #1: Ejecutar slaticket
2020-01-21 14:58:12
Interno #1: Ejecutar planningrecall
2020-01-21 15:26:54
Interno #1: Ejecutar logs
2020-01-22 08:32:49
Interno #1: Ejecutar mailgate
2020-01-22 09:01:02
Interno #1: Ejecutar slaticket
2020-01-22 09:13:13
Interno #1: Ejecutar planningrecall
2020-01-22 09:26:07
Interno #1: Lanzar ticketrecurrent
2020-01-22 09:31:10
Interno #1: Lanzar logs
2020-01-22 09:36:20
Interno #1: Lanzar graph
2020-01-22 09:41:25
Interno #1: Lanzar reservation
2020-01-22 09:46:30
Interno #1: Lanzar closeticket
2020-01-22 09:51:35
Interno #1: Lanzar alertnotclosed
2020-01-22 09:56:40
Interno #1: Lanzar mailgate
2020-01-22 10:01:45
Interno #1: Lanzar slaticket
2020-01-22 10:06:50
Interno #1: Lanzar planningrecall
2020-01-22 10:11:55
Interno #1: Lanzar logs
2020-01-22 10:17:00
Interno #1: Lanzar mailgate
2020-01-22 10:22:05
Interno #1: Lanzar slaticket
2020-01-22 10:27:10
Interno #1: Lanzar planningrecall
2020-01-22 10:32:15
Interno #1: Lanzar logs
2020-01-22 10:37:20
Interno #1: Lanzar ticketrecurrent
2020-01-22 10:42:25
Interno #1: Lanzar mailgate
2020-01-22 10:47:26
Interno #1: Lanzar slaticket
2020-01-22 10:52:35
Interno #1: Lanzar planningrecall
2020-01-22 10:57:40
Interno #1: Lanzar graph
2020-01-22 11:02:45
Interno #1: Lanzar reservation
2020-01-22 11:07:50
Interno #1: Lanzar logs
2020-01-22 11:12:55
Interno #1: Lanzar mailgate
2020-01-22 11:18:00
Interno #1: Lanzar slaticket
2020-01-22 11:23:05
Interno #1: Lanzar planningrecall
2020-01-22 11:28:10
Interno #1: Lanzar logs
2020-01-22 11:33:15
Interno #1: Lanzar mailgate
2020-01-22 11:38:20
Interno #1: Lanzar slaticket
2020-01-22 11:43:25
Interno #1: Lanzar planningrecall
2020-01-22 11:48:30
Interno #1: Lanzar ticketrecurrent
2020-01-22 11:53:35
Interno #1: Lanzar logs
2020-01-22 11:58:40
Interno #1: Lanzar mailgate
2020-01-22 12:03:45
Interno #1: Lanzar slaticket
2020-01-22 12:08:50
Interno #1: Lanzar planningrecall
2020-01-22 12:13:55
Interno #1: Lanzar graph
2020-01-22 12:19:00
Interno #1: Lanzar reservation
2020-01-22 12:24:05
Interno #1: Lanzar logs
2020-01-22 12:29:10
Interno #1: Lanzar infocom
2020-01-22 12:34:15
Interno #1: Lanzar mailgate
2020-01-22 12:39:20
Interno #1: Lanzar slaticket
2020-01-22 12:44:25
Interno #1: Lanzar planningrecall
2020-01-22 12:49:30
Interno #1: Lanzar session
2020-01-22 12:54:35
Interno #1: Lanzar watcher
2020-01-22 12:59:40
Interno #1: Lanzar contract
2020-01-22 13:04:45
Interno #1: Lanzar logs
2020-01-22 13:09:50
Interno #1: Lanzar mailgate
2020-01-22 13:14:55
Interno #1: Lanzar slaticket
2020-01-22 13:20:00
Interno #1: Lanzar ticketrecurrent
2020-01-22 13:25:05
Interno #1: Lanzar planningrecall
2020-01-22 13:30:10
Interno #1: Lanzar graph
2020-01-22 13:35:15
Interno #1: Lanzar logs
2020-01-22 13:40:20
Interno #1: Lanzar mailgate
2020-01-22 13:45:25
Interno #1: Lanzar reservation
2020-01-22 13:50:30
Interno #1: Lanzar slaticket
2020-01-22 13:55:35
Interno #1: Lanzar planningrecall
2020-01-22 14:00:40
Interno #1: Lanzar logs
2020-01-22 14:05:45
Interno #1: Lanzar mailgate
2020-01-22 14:10:50
Interno #1: Lanzar slaticket
2020-01-22 14:15:55
Interno #1: Lanzar planningrecall
2020-01-22 14:21:00
Interno #1: Lanzar logs
2020-01-22 14:26:06
Interno #1: Lanzar mailgate
2020-01-22 14:31:11
Interno #1: Lanzar slaticket
2020-01-22 14:36:16
Interno #1: Lanzar ticketrecurrent
2020-01-22 14:41:21
Interno #1: Lanzar planningrecall
2020-01-22 14:46:26
Interno #1: Lanzar graph
2020-01-22 14:51:31
Interno #1: Lanzar logs
2020-01-22 14:56:36
Interno #1: Lanzar mailgate
2020-01-22 15:01:41
Interno #1: Lanzar slaticket
2020-01-22 15:06:46
Interno #1: Lanzar reservation
2020-01-22 15:11:51
Interno #1: Lanzar planningrecall
2020-01-22 15:16:56
Interno #1: Lanzar logs
2020-01-22 15:22:01
Interno #1: Lanzar mailgate
2020-01-22 15:27:06
Interno #1: Lanzar slaticket
2020-01-22 15:32:11
Interno #1: Lanzar planningrecall
2020-01-22 15:37:16
Interno #1: Lanzar logs
2020-01-22 15:42:21
Interno #1: Lanzar mailgate
2020-01-22 15:47:26
Interno #1: Lanzar slaticket
2020-01-22 15:52:31
Interno #1: Lanzar ticketrecurrent
2020-01-22 15:57:36
Interno #1: Lanzar planningrecall
2020-01-22 16:02:41
Interno #1: Lanzar graph
2020-01-22 16:07:46
Interno #1: Lanzar logs
2020-01-22 16:12:51
Interno #1: Lanzar mailgate
2020-01-22 16:17:56
Interno #1: Lanzar slaticket
2020-01-22 16:23:01
Interno #1: Lanzar planningrecall
2020-01-22 16:28:06
Interno #1: Lanzar reservation
2020-01-22 16:33:11
Interno #1: Lanzar logs
2020-01-22 16:38:17
Interno #1: Lanzar mailgate
2020-01-22 16:43:22
Interno #1: Lanzar slaticket
2020-01-22 16:48:27
Interno #1: Lanzar planningrecall
2020-01-22 16:53:32
Interno #1: Lanzar logs
2020-01-22 16:58:37
Interno #1: Lanzar mailgate
2020-01-22 17:03:42
Interno #1: Lanzar slaticket
2020-01-22 17:08:47
Interno #1: Lanzar ticketrecurrent
2020-01-22 17:13:52
Interno #1: Lanzar planningrecall
2020-01-22 17:18:57
Interno #1: Lanzar graph
2020-01-22 17:24:02
Interno #1: Lanzar logs
2020-01-22 17:29:07
Interno #1: Lanzar mailgate
2020-01-22 17:34:12
Interno #1: Lanzar slaticket
2020-01-22 17:39:17
Interno #1: Lanzar planningrecall
2020-01-22 17:44:22
Interno #1: Lanzar reservation
2020-01-22 17:49:27
Interno #1: Lanzar logs
2020-01-22 17:54:32
Interno #1: Lanzar mailgate
2020-01-22 17:59:37
Interno #1: Lanzar slaticket
2020-01-22 18:04:42
Interno #1: Lanzar planningrecall
2020-01-22 18:09:47
Interno #1: Lanzar logs
2020-01-22 18:14:52
Interno #1: Lanzar mailgate
2020-01-22 18:19:57
Interno #1: Lanzar slaticket
2020-01-22 18:25:02
Interno #1: Lanzar ticketrecurrent
2020-01-22 18:30:07
Interno #1: Lanzar planningrecall
2020-01-22 18:35:12
Interno #1: Lanzar graph
2020-01-22 18:40:17
Interno #1: Lanzar logs
2020-01-22 18:45:22
Interno #1: Lanzar mailgate
2020-01-22 18:50:27
Interno #1: Lanzar slaticket
2020-01-22 18:55:32
Interno #1: Lanzar planningrecall
2020-01-22 19:00:37
Interno #1: Lanzar reservation
2020-01-22 19:05:42
Interno #1: Lanzar logs
2020-01-22 19:10:47
Interno #1: Lanzar mailgate
2020-01-22 19:15:52
Interno #1: Lanzar slaticket
2020-01-22 19:20:57
Interno #1: Lanzar planningrecall
2020-01-22 19:26:02
Interno #1: Lanzar logs
2020-01-22 19:31:07
Interno #1: Lanzar mailgate
2020-01-22 19:36:12
Interno #1: Lanzar slaticket
2020-01-22 19:41:17
Interno #1: Lanzar ticketrecurrent
2020-01-22 19:46:22
Interno #1: Lanzar planningrecall
2020-01-22 19:51:27
Interno #1: Lanzar graph
2020-01-22 19:56:32
Interno #1: Lanzar logs
2020-01-22 20:01:37
Interno #1: Lanzar mailgate
2020-01-22 20:06:42
Interno #1: Lanzar slaticket
2020-01-22 20:11:47
Interno #1: Lanzar planningrecall
2020-01-22 20:16:52
Interno #1: Lanzar reservation
2020-01-22 20:21:57
Interno #1: Lanzar logs
2020-01-22 20:27:02
Interno #1: Lanzar mailgate
2020-01-22 20:32:07
Interno #1: Lanzar slaticket
2020-01-22 20:37:12
Interno #1: Lanzar planningrecall
2020-01-22 20:42:17
Interno #1: Lanzar logs
2020-01-22 20:47:22
Interno #1: Lanzar mailgate
2020-01-22 20:52:27
Interno #1: Lanzar slaticket
2020-01-22 20:57:32
Interno #1: Lanzar ticketrecurrent
2020-01-22 21:02:37
Interno #1: Lanzar planningrecall
2020-01-22 21:07:42
Interno #1: Lanzar graph
2020-01-22 21:12:47
Interno #1: Lanzar logs
2020-01-22 21:17:52
Interno #1: Lanzar mailgate
2020-01-22 21:22:57
Interno #1: Lanzar slaticket
2020-01-22 21:28:02
Interno #1: Lanzar planningrecall
2020-01-22 21:33:07
Interno #1: Lanzar reservation
2020-01-22 21:38:12
Interno #1: Lanzar logs
2020-01-22 21:43:17
Interno #1: Lanzar mailgate
2020-01-22 21:48:22
Interno #1: Lanzar slaticket
2020-01-22 21:53:27
Interno #1: Lanzar planningrecall
2020-01-22 21:58:32
Interno #1: Lanzar closeticket
2020-01-22 22:03:37
Interno #1: Lanzar logs
2020-01-22 22:08:42
Interno #1: Lanzar alertnotclosed
2020-01-22 22:13:47
Interno #1: Lanzar mailgate
2020-01-22 22:18:52
Interno #1: Lanzar slaticket
2020-01-22 22:23:57
Interno #1: Lanzar ticketrecurrent
2020-01-22 22:29:02
Interno #1: Lanzar planningrecall
2020-01-22 22:34:07
Interno #1: Lanzar graph
2020-01-22 22:39:12
Interno #1: Lanzar logs
2020-01-22 22:44:17
Interno #1: Lanzar mailgate
2020-01-22 22:49:22
Interno #1: Lanzar slaticket
2020-01-22 22:54:27
Interno #1: Lanzar reservation
2020-01-22 22:59:32
Interno #1: Lanzar planningrecall
2020-01-22 23:04:37
Interno #1: Lanzar logs
2020-01-22 23:09:42
Interno #1: Lanzar mailgate
2020-01-22 23:14:47
Interno #1: Lanzar slaticket
2020-01-22 23:19:52
Interno #1: Lanzar planningrecall
2020-01-22 23:24:57
Interno #1: Lanzar logs
2020-01-22 23:30:02
Interno #1: Lanzar mailgate
2020-01-22 23:35:07
Interno #1: Lanzar slaticket
2020-01-22 23:40:12
Interno #1: Lanzar ticketrecurrent
2020-01-22 23:45:17
Interno #1: Lanzar planningrecall
2020-01-22 23:50:22
Interno #1: Lanzar logs
2020-01-22 23:55:27
Interno #1: Lanzar graph
2020-01-23 00:00:32
Interno #1: Lanzar mailgate
2020-01-23 00:05:37
Interno #1: Lanzar slaticket
2020-01-23 00:10:42
Interno #1: Lanzar planningrecall
2020-01-23 00:15:47
Interno #1: Lanzar reservation
2020-01-23 00:20:52
Interno #1: Lanzar logs
2020-01-23 00:25:57
Interno #1: Lanzar mailgate
2020-01-23 00:31:02
Interno #1: Lanzar slaticket
2020-01-23 00:36:07
Interno #1: Lanzar planningrecall
2020-01-23 00:41:12
Interno #1: Lanzar logs
2020-01-23 00:46:17
Interno #1: Lanzar mailgate
2020-01-23 00:51:22
Interno #1: Lanzar slaticket
2020-01-23 00:56:27
Interno #1: Lanzar ticketrecurrent
2020-01-23 01:01:32
Interno #1: Lanzar planningrecall
2020-01-23 01:06:37
Interno #1: Lanzar logs
2020-01-23 01:11:42
Interno #1: Lanzar graph
2020-01-23 01:16:47
Interno #1: Lanzar mailgate
2020-01-23 01:21:52
Interno #1: Lanzar slaticket
2020-01-23 01:26:57
Interno #1: Lanzar planningrecall
2020-01-23 01:32:02
Interno #1: Lanzar reservation
2020-01-23 01:37:07
Interno #1: Lanzar logs
2020-01-23 01:42:12
Interno #1: Lanzar mailgate
2020-01-23 01:47:17
Interno #1: Lanzar slaticket
2020-01-23 01:52:22
Interno #1: Lanzar planningrecall
2020-01-23 01:57:27
Interno #1: Lanzar logs
2020-01-23 02:02:32
Interno #1: Lanzar mailgate
2020-01-23 02:07:37
Interno #1: Lanzar slaticket
2020-01-23 02:12:42
Interno #1: Lanzar ticketrecurrent
2020-01-23 02:17:47
Interno #1: Lanzar planningrecall
2020-01-23 02:22:52
Interno #1: Lanzar logs
2020-01-23 02:27:57
Interno #1: Lanzar graph
2020-01-23 02:33:02
Interno #1: Lanzar mailgate
2020-01-23 02:38:07
Interno #1: Lanzar slaticket
2020-01-23 02:43:12
Interno #1: Lanzar planningrecall
2020-01-23 02:48:17
Interno #1: Lanzar logs
2020-01-23 02:53:22
Interno #1: Lanzar reservation
2020-01-23 02:58:27
Interno #1: Lanzar mailgate
2020-01-23 03:03:32
Interno #1: Lanzar slaticket
2020-01-23 03:08:37
Interno #1: Lanzar planningrecall
2020-01-23 03:13:42
Interno #1: Lanzar logs
2020-01-23 03:18:47
Interno #1: Lanzar mailgate
2020-01-23 03:23:52
Interno #1: Lanzar slaticket
2020-01-23 03:28:57
Interno #1: Lanzar ticketrecurrent
2020-01-23 03:34:02
Interno #1: Lanzar planningrecall
2020-01-23 03:39:07
Interno #1: Lanzar logs
2020-01-23 03:44:12
Interno #1: Lanzar graph
2020-01-23 03:49:17
Interno #1: Lanzar mailgate
2020-01-23 03:54:22
Interno #1: Lanzar slaticket
2020-01-23 03:59:27
Interno #1: Lanzar planningrecall
2020-01-23 04:04:32
Interno #1: Lanzar logs
2020-01-23 04:09:37
Interno #1: Lanzar reservation
2020-01-23 04:14:42
Interno #1: Lanzar mailgate
2020-01-23 04:19:47
Interno #1: Lanzar slaticket
2020-01-23 04:24:52
Interno #1: Lanzar planningrecall
2020-01-23 04:29:57
Interno #1: Lanzar logs
2020-01-23 04:35:02
Interno #1: Lanzar mailgate
2020-01-23 04:40:07
Interno #1: Lanzar slaticket
2020-01-23 04:45:12
Interno #1: Lanzar ticketrecurrent
2020-01-23 04:50:17
Interno #1: Lanzar planningrecall
2020-01-23 04:55:22
Interno #1: Lanzar logs
2020-01-23 05:00:27
Interno #1: Lanzar graph
2020-01-23 05:05:32
Interno #1: Lanzar mailgate
2020-01-23 05:10:37
Interno #1: Lanzar slaticket
2020-01-23 05:15:42
Interno #1: Lanzar planningrecall
2020-01-23 05:20:47
Interno #1: Lanzar logs
2020-01-23 05:25:52
Interno #1: Lanzar reservation
2020-01-23 05:30:57
Interno #1: Lanzar mailgate
2020-01-23 05:36:02
Interno #1: Lanzar slaticket
2020-01-23 05:41:07
Interno #1: Lanzar planningrecall
2020-01-23 05:46:12
Interno #1: Lanzar logs
2020-01-23 05:51:17
Interno #1: Lanzar mailgate
2020-01-23 05:56:22
Interno #1: Lanzar slaticket
2020-01-23 06:01:27
Interno #1: Lanzar ticketrecurrent
2020-01-23 06:06:32
Interno #1: Lanzar planningrecall
2020-01-23 06:11:37
Interno #1: Lanzar logs
2020-01-23 06:16:42
Interno #1: Lanzar graph
2020-01-23 06:21:47
Interno #1: Lanzar mailgate
2020-01-23 06:26:52
Interno #1: Lanzar slaticket
2020-01-23 06:31:57
Interno #1: Lanzar planningrecall
2020-01-23 06:37:02
Interno #1: Lanzar logs
2020-01-23 06:42:07
Interno #1: Lanzar reservation
2020-01-23 06:47:12
Interno #1: Lanzar mailgate
2020-01-23 06:52:17
Interno #1: Lanzar slaticket
2020-01-23 06:57:22
Interno #1: Lanzar planningrecall
2020-01-23 07:02:27
Interno #1: Lanzar logs
2020-01-23 07:07:32
Interno #1: Lanzar mailgate
2020-01-23 07:12:37
Interno #1: Lanzar slaticket
2020-01-23 07:17:42
Interno #1: Lanzar ticketrecurrent
2020-01-23 07:22:47
Interno #1: Lanzar planningrecall
2020-01-23 07:27:52
Interno #1: Lanzar logs
2020-01-23 07:32:57
Interno #1: Lanzar graph
2020-01-23 07:38:02
Interno #1: Lanzar mailgate
2020-01-23 07:43:07
Interno #1: Lanzar slaticket
2020-01-23 07:48:12
Interno #1: Lanzar planningrecall
2020-01-23 07:53:17
Interno #1: Lanzar logs
2020-01-23 07:58:22
Interno #1: Lanzar reservation
2020-01-23 08:03:27
Interno #1: Lanzar mailgate
2020-01-23 08:08:32
Interno #1: Lanzar slaticket
2020-01-23 08:13:37
Interno #1: Lanzar planningrecall
2020-01-23 08:18:42
Interno #1: Lanzar logs
2020-01-23 08:23:47
Interno #1: Lanzar mailgate
2020-01-23 08:28:52
Interno #1: Lanzar slaticket
2020-01-23 08:33:58
Interno #1: Lanzar ticketrecurrent
2020-01-23 08:39:03
Interno #1: Lanzar planningrecall
2020-01-23 08:44:08
Interno #1: Lanzar logs
2020-01-23 08:49:13
Interno #1: Lanzar graph
2020-01-23 08:54:18
Interno #1: Lanzar mailgate
2020-01-23 08:59:23
Interno #1: Lanzar slaticket
2020-01-23 09:04:28
Interno #1: Lanzar planningrecall
2020-01-23 09:09:33
Interno #1: Lanzar logs
2020-01-23 09:14:38
Interno #1: Lanzar reservation
2020-01-23 09:19:43
Interno #1: Lanzar mailgate
2020-01-23 09:24:48
Interno #1: Lanzar slaticket
2020-01-23 09:29:53
Interno #1: Lanzar planningrecall
2020-01-23 09:34:58
Interno #1: Lanzar logs
2020-01-23 09:40:03
Interno #1: Lanzar mailgate
2020-01-23 09:45:08
Interno #1: Lanzar slaticket
2020-01-23 09:50:13
Interno #1: Lanzar ticketrecurrent
2020-01-23 09:55:18
Interno #1: Lanzar planningrecall
2020-01-23 10:00:23
Interno #1: Lanzar logs
2020-01-23 10:05:28
Interno #1: Lanzar graph
2020-01-23 10:10:33
Interno #1: Lanzar mailgate
2020-01-23 10:15:38
Interno #1: Lanzar slaticket
2020-01-23 10:20:43
Interno #1: Lanzar closeticket
2020-01-23 10:25:48
Interno #1: Lanzar planningrecall
2020-01-23 10:30:53
Interno #1: Lanzar alertnotclosed
2020-01-23 10:35:58
Interno #1: Lanzar logs
2020-01-23 10:41:03
Interno #1: Lanzar reservation
2020-01-23 10:46:08
Interno #1: Lanzar mailgate
2020-01-23 10:51:13
Interno #1: Lanzar slaticket
2020-01-23 10:56:18
Interno #1: Lanzar planningrecall
2020-01-23 11:01:23
Interno #1: Lanzar logs
2020-01-23 11:06:28
Interno #1: Lanzar ticketrecurrent
2020-01-23 11:11:33
Interno #1: Lanzar mailgate
2020-01-23 11:16:38
Interno #1: Lanzar slaticket
2020-01-23 11:21:43
Interno #1: Lanzar planningrecall
2020-01-23 11:26:48
Interno #1: Lanzar graph
2020-01-23 11:31:53
Interno #1: Lanzar logs
2020-01-23 11:36:58
Interno #1: Lanzar mailgate
2020-01-23 11:42:03
Interno #1: Lanzar slaticket
2020-01-23 11:47:08
Interno #1: Lanzar planningrecall
2020-01-23 11:52:13
Interno #1: Lanzar logs
2020-01-23 11:57:18
Interno #1: Lanzar reservation
2020-01-23 12:02:23
Interno #1: Lanzar mailgate
2020-01-23 12:07:28
Interno #1: Lanzar slaticket
2020-01-23 12:12:33
Interno #1: Lanzar planningrecall
2020-01-23 12:17:38
Interno #1: Lanzar logs
2020-01-23 12:22:43
Interno #1: Lanzar ticketrecurrent
2020-01-23 12:27:48
Interno #1: Lanzar mailgate
2020-01-23 12:32:53
Interno #1: Lanzar slaticket
2020-01-23 12:37:58
Interno #1: Lanzar planningrecall
2020-01-23 12:43:03
Interno #1: Lanzar graph
2020-01-23 12:48:08
Interno #1: Lanzar logs
2020-01-23 12:53:13
Interno #1: Lanzar infocom
2020-01-23 12:58:18
Interno #1: Lanzar mailgate
2020-01-23 13:03:23
Interno #1: Lanzar slaticket
2020-01-23 13:08:28
Interno #1: Lanzar planningrecall
2020-01-23 13:13:33
Interno #1: Lanzar session
2020-01-23 13:18:38
Interno #1: Lanzar watcher
2020-01-23 13:23:43
Interno #1: Lanzar reservation
2020-01-23 13:28:48
Interno #1: Lanzar logs
2020-01-23 13:33:53
Interno #1: Lanzar contract
2020-01-23 13:38:58
Interno #1: Lanzar mailgate
2020-01-23 13:44:03
Interno #1: Lanzar slaticket
2020-01-23 13:49:08
Interno #1: Lanzar planningrecall
2020-01-23 13:54:13
Interno #1: Lanzar ticketrecurrent
2020-01-23 13:59:18
Interno #1: Lanzar logs
2020-01-23 14:04:23
Interno #1: Lanzar graph
2020-01-23 14:09:28
Interno #1: Lanzar mailgate
2020-01-23 14:14:33
Interno #1: Lanzar slaticket
2020-01-23 14:19:38
Interno #1: Lanzar planningrecall
2020-01-23 14:24:43
Interno #1: Lanzar logs
2020-01-23 14:29:48
Interno #1: Lanzar mailgate
2020-01-23 14:34:53
Interno #1: Lanzar slaticket
2020-01-23 14:39:58
Interno #1: Lanzar reservation
2020-01-23 14:45:03
Interno #1: Lanzar planningrecall
2020-01-23 14:50:08
Interno #1: Lanzar logs
2020-01-23 14:55:13
Interno #1: Lanzar mailgate
2020-01-23 15:00:18
Interno #1: Lanzar slaticket
2020-01-23 15:05:23
Interno #1: Lanzar planningrecall
2020-01-23 15:10:28
Interno #1: Lanzar ticketrecurrent
2020-01-23 15:15:33
Interno #1: Lanzar logs
2020-01-23 15:20:38
Interno #1: Lanzar graph
2020-01-23 15:25:43
Interno #1: Lanzar mailgate
2020-01-23 15:30:48
Interno #1: Lanzar slaticket
2020-01-23 15:35:53
Interno #1: Lanzar planningrecall
2020-01-23 15:40:58
Interno #1: Lanzar logs
2020-01-23 15:46:03
Interno #1: Lanzar mailgate
2020-01-23 15:51:08
Interno #1: Lanzar slaticket
2020-01-23 15:56:13
Interno #1: Lanzar reservation
2020-01-23 16:01:18
Interno #1: Lanzar planningrecall
2020-01-23 16:06:23
Interno #1: Lanzar logs
2020-01-23 16:11:28
Interno #1: Lanzar mailgate
2020-01-23 16:16:33
Interno #1: Lanzar slaticket
2020-01-23 16:21:38
Interno #1: Lanzar planningrecall
2020-01-23 16:26:43
Interno #1: Lanzar ticketrecurrent
2020-01-23 16:31:48
Interno #1: Lanzar logs
2020-01-23 16:36:53
Interno #1: Lanzar graph
2020-01-23 16:41:58
Interno #1: Lanzar mailgate
2020-01-23 16:47:03
Interno #1: Lanzar slaticket
2020-01-23 16:52:08
Interno #1: Lanzar planningrecall
2020-01-23 16:57:13
Interno #1: Lanzar logs
2020-01-23 17:02:18
Interno #1: Lanzar mailgate
2020-01-23 17:07:23
Interno #1: Lanzar slaticket
2020-01-23 17:12:28
Interno #1: Lanzar reservation
2020-01-23 17:17:33
Interno #1: Lanzar planningrecall
2020-01-23 17:22:38
Interno #1: Lanzar logs
2020-01-23 17:27:43
Interno #1: Lanzar mailgate
2020-01-23 17:32:48
Interno #1: Lanzar slaticket
2020-01-23 17:37:53
Interno #1: Lanzar planningrecall
2020-01-23 17:42:58
Interno #1: Lanzar ticketrecurrent
2020-01-23 17:48:03
Interno #1: Lanzar logs
2020-01-23 17:53:08
Interno #1: Lanzar graph
2020-01-23 17:58:13
Interno #1: Lanzar mailgate
2020-01-23 18:03:18
Interno #1: Lanzar slaticket
2020-01-23 18:08:23
Interno #1: Lanzar planningrecall
2020-01-23 18:13:28
Interno #1: Lanzar logs
2020-01-23 18:18:33
Interno #1: Lanzar mailgate
2020-01-23 18:23:38
Interno #1: Lanzar slaticket
2020-01-23 18:28:43
Interno #1: Lanzar reservation
2020-01-23 18:33:48
Interno #1: Lanzar planningrecall
2020-01-23 18:38:53
Interno #1: Lanzar logs
2020-01-23 18:43:58
Interno #1: Lanzar mailgate
2020-01-23 18:49:03
Interno #1: Lanzar slaticket
2020-01-23 18:54:08
Interno #1: Lanzar planningrecall
2020-01-23 18:59:13
Interno #1: Lanzar ticketrecurrent
2020-01-23 19:04:18
Interno #1: Lanzar logs
2020-01-23 19:09:23
Interno #1: Lanzar mailgate
2020-01-23 19:14:28
Interno #1: Lanzar graph
2020-01-23 19:19:33
Interno #1: Lanzar slaticket
2020-01-23 19:25:18
Interno #1: Lanzar planningrecall
2020-01-23 19:30:01
Interno #1: Lanzar logs
2020-01-23 19:35:33
Interno #1: Lanzar mailgate
2020-01-23 19:40:44
Interno #1: Lanzar slaticket
2020-01-23 19:45:59
Interno #1: Lanzar reservation
2020-01-23 19:51:58
Interno #1: Lanzar planningrecall
2020-01-23 19:57:03
Interno #1: Lanzar logs
2020-01-23 20:02:08
Interno #1: Lanzar mailgate
2020-01-23 20:07:13
Interno #1: Lanzar slaticket
2020-01-23 20:12:18
Interno #1: Lanzar planningrecall
2020-01-23 20:17:23
Interno #1: Lanzar ticketrecurrent
2020-01-23 20:22:28
Interno #1: Lanzar logs
2020-01-23 20:27:33
Interno #1: Lanzar mailgate
2020-01-23 20:32:38
Interno #1: Lanzar slaticket
2020-01-23 20:37:43
Interno #1: Lanzar graph
2020-01-23 20:42:48
Interno #1: Lanzar planningrecall
2020-01-23 20:47:53
Interno #1: Lanzar logs
2020-01-23 20:52:58
Interno #1: Lanzar mailgate
2020-01-23 20:58:03
Interno #1: Lanzar slaticket
2020-01-23 21:03:08
Interno #1: Lanzar reservation
2020-01-23 21:08:13
Interno #1: Lanzar planningrecall
2020-01-23 21:13:18
Interno #1: Lanzar logs
2020-01-23 21:18:23
Interno #1: Lanzar mailgate
2020-01-23 21:23:28
Interno #1: Lanzar slaticket
2020-01-23 21:28:33
Interno #1: Lanzar planningrecall
2020-01-23 21:33:38
Interno #1: Lanzar ticketrecurrent
2020-01-23 21:38:43
Interno #1: Lanzar logs
2020-01-23 21:43:48
Interno #1: Lanzar mailgate
2020-01-23 21:48:53
Interno #1: Lanzar slaticket
2020-01-23 21:53:58
Interno #1: Lanzar planningrecall
2020-01-23 21:59:03
Interno #1: Lanzar graph
2020-01-23 22:04:08
Interno #1: Lanzar logs
2020-01-23 22:09:13
Interno #1: Lanzar mailgate
2020-01-23 22:14:18
Interno #1: Lanzar slaticket
2020-01-23 22:19:23
Interno #1: Lanzar planningrecall
2020-01-23 22:24:28
Interno #1: Lanzar reservation
2020-01-23 22:29:33
Interno #1: Lanzar logs
2020-01-23 22:34:38
Interno #1: Lanzar mailgate
2020-01-23 22:39:43
Interno #1: Lanzar slaticket
2020-01-23 22:44:48
Interno #1: Lanzar closeticket
2020-01-23 22:49:53
Interno #1: Lanzar planningrecall
2020-01-23 22:54:58
Interno #1: Lanzar alertnotclosed
2020-01-23 23:00:03
Interno #1: Lanzar ticketrecurrent
2020-01-23 23:05:08
Interno #1: Lanzar logs
2020-01-23 23:10:13
Interno #1: Lanzar mailgate
2020-01-23 23:15:18
Interno #1: Lanzar slaticket
2020-01-23 23:20:23
Interno #1: Lanzar planningrecall
2020-01-23 23:25:28
Interno #1: Lanzar graph
2020-01-23 23:30:33
Interno #1: Lanzar logs
2020-01-23 23:35:38
Interno #1: Lanzar mailgate
2020-01-23 23:40:43
Interno #1: Lanzar slaticket
2020-01-23 23:45:48
Interno #1: Lanzar reservation
2020-01-23 23:50:53
Interno #1: Lanzar planningrecall
2020-01-23 23:55:58
Interno #1: Lanzar logs
2020-01-24 00:01:03
Interno #1: Lanzar mailgate
2020-01-24 00:06:08
Interno #1: Lanzar slaticket
2020-01-24 00:11:13
Interno #1: Lanzar planningrecall
2020-01-24 00:16:18
Interno #1: Lanzar ticketrecurrent
2020-01-24 00:21:23
Interno #1: Lanzar logs
2020-01-24 00:26:28
Interno #1: Lanzar mailgate
2020-01-24 00:31:33
Interno #1: Lanzar slaticket
2020-01-24 00:36:38
Interno #1: Lanzar planningrecall
2020-01-24 00:41:43
Interno #1: Lanzar graph
2020-01-24 00:46:48
Interno #1: Lanzar logs
2020-01-24 00:51:53
Interno #1: Lanzar mailgate
2020-01-24 00:56:58
Interno #1: Lanzar slaticket
2020-01-24 01:02:03
Interno #1: Lanzar planningrecall
2020-01-24 01:07:08
Interno #1: Lanzar reservation
2020-01-24 01:12:13
Interno #1: Lanzar logs
2020-01-24 01:17:18
Interno #1: Lanzar mailgate
2020-01-24 01:22:23
Interno #1: Lanzar slaticket
2020-01-24 01:27:28
Interno #1: Lanzar planningrecall
2020-01-24 01:32:33
Interno #1: Lanzar ticketrecurrent
2020-01-24 01:37:38
Interno #1: Lanzar logs
2020-01-24 01:42:43
Interno #1: Lanzar mailgate
2020-01-24 01:47:48
Interno #1: Lanzar slaticket
2020-01-24 01:52:53
Interno #1: Lanzar planningrecall
2020-01-24 01:57:58
Interno #1: Lanzar graph
2020-01-24 02:03:03
Interno #1: Lanzar logs
2020-01-24 02:08:08
Interno #1: Lanzar mailgate
2020-01-24 02:13:13
Interno #1: Lanzar slaticket
2020-01-24 02:18:18
Interno #1: Lanzar planningrecall
2020-01-24 02:23:23
Interno #1: Lanzar reservation
2020-01-24 02:28:28
Interno #1: Lanzar logs
2020-01-24 02:33:33
Interno #1: Lanzar mailgate
2020-01-24 02:38:38
Interno #1: Lanzar slaticket
2020-01-24 02:43:43
Interno #1: Lanzar planningrecall
2020-01-24 02:48:48
Interno #1: Lanzar ticketrecurrent
2020-01-24 02:53:53
Interno #1: Lanzar logs
2020-01-24 02:58:58
Interno #1: Lanzar mailgate
2020-01-24 03:04:03
Interno #1: Lanzar slaticket
2020-01-24 03:09:08
Interno #1: Lanzar planningrecall
2020-01-24 03:14:13
Interno #1: Lanzar graph
2020-01-24 03:19:18
Interno #1: Lanzar logs
2020-01-24 03:24:23
Interno #1: Lanzar mailgate
2020-01-24 03:29:28
Interno #1: Lanzar slaticket
2020-01-24 03:34:33
Interno #1: Lanzar planningrecall
2020-01-24 03:39:38
Interno #1: Lanzar reservation
2020-01-24 03:44:43
Interno #1: Lanzar logs
2020-01-24 03:49:48
Interno #1: Lanzar mailgate
2020-01-24 03:54:53
Interno #1: Lanzar slaticket
2020-01-24 03:59:58
Interno #1: Lanzar planningrecall
2020-01-24 04:05:03
Interno #1: Lanzar ticketrecurrent
2020-01-24 04:10:08
Interno #1: Lanzar logs
2020-01-24 04:15:13
Interno #1: Lanzar mailgate
2020-01-24 04:20:18
Interno #1: Lanzar slaticket
2020-01-24 04:25:23
Interno #1: Lanzar planningrecall
2020-01-24 04:30:28
Interno #1: Lanzar graph
2020-01-24 04:35:33
Interno #1: Lanzar logs
2020-01-24 04:40:38
Interno #1: Lanzar mailgate
2020-01-24 04:45:43
Interno #1: Lanzar slaticket
2020-01-24 04:50:48
Interno #1: Lanzar planningrecall
2020-01-24 04:55:53
Interno #1: Lanzar reservation
2020-01-24 05:00:58
Interno #1: Lanzar logs
2020-01-24 05:06:03
Interno #1: Lanzar mailgate
2020-01-24 05:11:08
Interno #1: Lanzar slaticket
2020-01-24 05:16:13
Interno #1: Lanzar planningrecall
2020-01-24 05:21:18
Interno #1: Lanzar ticketrecurrent
2020-01-24 05:26:23
Interno #1: Lanzar logs
2020-01-24 05:31:28
Interno #1: Lanzar mailgate
2020-01-24 05:36:33
Interno #1: Lanzar slaticket
2020-01-24 05:41:38
Interno #1: Lanzar planningrecall
2020-01-24 05:46:43
Interno #1: Lanzar graph
2020-01-24 05:51:48
Interno #1: Lanzar logs
2020-01-24 05:56:53
Interno #1: Lanzar mailgate
2020-01-24 06:01:58
Interno #1: Lanzar slaticket
2020-01-24 06:07:03
Interno #1: Lanzar planningrecall
2020-01-24 06:12:08
Interno #1: Lanzar reservation
2020-01-24 06:17:13
Interno #1: Lanzar logs
2020-01-24 06:22:18
Interno #1: Lanzar mailgate
2020-01-24 06:27:23
Interno #1: Lanzar slaticket
2020-01-24 06:32:28
Interno #1: Lanzar planningrecall
2020-01-24 06:37:33
Interno #1: Lanzar ticketrecurrent
2020-01-24 06:42:38
Interno #1: Lanzar logs
2020-01-24 06:47:43
Interno #1: Lanzar mailgate
2020-01-24 06:52:48
Interno #1: Lanzar slaticket
2020-01-24 06:57:53
Interno #1: Lanzar planningrecall
2020-01-24 07:02:58
Interno #1: Lanzar graph
2020-01-24 07:08:03
Interno #1: Lanzar logs
2020-01-24 07:13:08
Interno #1: Lanzar mailgate
2020-01-24 07:18:13
Interno #1: Lanzar slaticket
2020-01-24 07:23:18
Interno #1: Lanzar planningrecall
2020-01-24 07:28:23
Interno #1: Lanzar reservation
2020-01-24 07:33:28
Interno #1: Lanzar logs
2020-01-24 07:38:33
Interno #1: Lanzar mailgate
2020-01-24 07:43:38
Interno #1: Lanzar slaticket
2020-01-24 07:48:43
Interno #1: Lanzar planningrecall
2020-01-24 07:53:48
Interno #1: Lanzar ticketrecurrent
2020-01-24 07:58:53
Interno #1: Lanzar logs
2020-01-24 08:03:58
Interno #1: Lanzar mailgate
2020-01-24 08:09:03
Interno #1: Lanzar slaticket
2020-01-24 08:14:08
Interno #1: Lanzar planningrecall
2020-01-24 08:19:13
Interno #1: Lanzar graph
2020-01-24 08:24:18
Interno #1: Lanzar logs
2020-01-24 08:29:23
Interno #1: Lanzar mailgate
2020-01-24 08:34:28
Interno #1: Lanzar slaticket
2020-01-24 08:39:33
Interno #1: Lanzar planningrecall
2020-01-24 08:44:38
Interno #1: Lanzar reservation
2020-01-24 08:49:43
Interno #1: Lanzar logs
2020-01-24 08:54:48
Interno #1: Lanzar mailgate
2020-01-24 08:59:53
Interno #1: Lanzar slaticket
2020-01-24 09:04:58
Interno #1: Lanzar planningrecall
2020-01-24 09:10:03
Interno #1: Lanzar ticketrecurrent
2020-01-24 09:15:08
Interno #1: Lanzar logs
2020-01-24 09:20:13
Interno #1: Lanzar mailgate
2020-01-24 09:25:18
Interno #1: Lanzar slaticket
2020-01-24 09:30:23
Interno #1: Lanzar planningrecall
2020-01-24 09:35:28
Interno #1: Lanzar graph
2020-01-24 09:40:33
Interno #1: Lanzar logs
2020-01-24 09:45:38
Interno #1: Lanzar mailgate
2020-01-24 09:50:43
Interno #1: Lanzar slaticket
2020-01-24 09:55:48
Interno #1: Lanzar planningrecall
2020-01-24 10:00:53
Interno #1: Lanzar reservation
2020-01-24 10:05:58
Interno #1: Lanzar logs
2020-01-24 10:11:03
Interno #1: Lanzar mailgate
2020-01-24 10:16:08
Interno #1: Lanzar slaticket
2020-01-24 10:21:13
Interno #1: Lanzar planningrecall
2020-01-24 10:26:18
Interno #1: Lanzar ticketrecurrent
2020-01-24 10:31:23
Interno #1: Lanzar logs
2020-01-24 10:36:28
Interno #1: Lanzar mailgate
2020-01-24 10:41:33
Interno #1: Lanzar slaticket
2020-01-24 10:46:39
Interno #1: Lanzar planningrecall
2020-01-24 10:51:44
Interno #1: Lanzar graph
2020-01-24 10:52:01
Interno #1: Lanzar logs
2020-01-24 10:57:50
Interno #1: Lanzar closeticket
2020-01-24 11:02:55
Interno #1: Lanzar mailgate
2020-01-24 11:08:00
Interno #1: Lanzar slaticket
2020-01-24 11:13:05
Interno #1: Lanzar planningrecall
2020-01-24 11:18:10
Interno #1: Lanzar alertnotclosed
2020-01-24 11:23:15
Interno #1: Lanzar reservation
2020-01-24 11:28:20
Interno #1: Lanzar logs
2020-01-24 11:33:25
Interno #1: Lanzar mailgate
2020-01-24 11:38:30
Interno #1: Lanzar slaticket
2020-01-24 11:43:35
Interno #1: Lanzar planningrecall
2020-01-24 11:48:40
Interno #1: Lanzar ticketrecurrent
2020-01-24 11:53:45
Interno #1: Lanzar logs
2020-01-24 11:58:50
Interno #1: Lanzar mailgate
2020-01-24 12:03:55
Interno #1: Lanzar slaticket
2020-01-24 12:09:00
Interno #1: Lanzar planningrecall
2020-01-24 12:14:05
Interno #1: Lanzar graph
2020-01-24 12:19:10
Interno #1: Lanzar logs
2020-01-24 12:24:15
Interno #1: Lanzar mailgate
2020-01-24 12:29:20
Interno #1: Lanzar slaticket
2020-01-24 12:34:25
Interno #1: Lanzar planningrecall
2020-01-24 12:39:30
Interno #1: Lanzar reservation
2020-01-24 12:44:35
Interno #1: Lanzar logs
2020-01-24 12:49:40
Interno #1: Lanzar mailgate
2020-01-24 12:54:45
Interno #1: Lanzar slaticket
2020-01-24 12:59:50
Interno #1: Lanzar planningrecall
2020-01-24 13:04:55
Interno #1: Lanzar ticketrecurrent
2020-01-24 13:10:00
Interno #1: Lanzar infocom
2020-01-24 13:15:05
Interno #1: Lanzar logs
2020-01-24 13:20:10
Interno #1: Lanzar mailgate
2020-01-24 13:25:15
Interno #1: Lanzar slaticket
2020-01-24 13:30:20
Interno #1: Lanzar planningrecall
2020-01-24 13:35:25
Interno #1: Lanzar session
2020-01-24 13:40:30
Interno #1: Lanzar graph
2020-01-24 13:45:35
Interno #1: Lanzar watcher
2020-01-24 13:50:40
Interno #1: Lanzar logs
2020-01-24 13:55:45
Interno #1: Lanzar mailgate
2020-01-24 14:00:50
Interno #1: Lanzar slaticket
2020-01-24 14:05:55
Interno #1: Lanzar contract
2020-01-24 14:11:00
Interno #1: Lanzar planningrecall
2020-01-24 14:16:05
Interno #1: Lanzar reservation
2020-01-24 14:21:10
Interno #1: Lanzar logs
2020-01-24 14:26:15
Interno #1: Lanzar ticketrecurrent
2020-01-24 14:31:20
Interno #1: Lanzar mailgate
